<?xml version="1.0" encoding="UTF-8"?>
<testsuite name="com.koibots.ExampleTest" tests="1" skipped="0" failures="0" errors="0" timestamp="2023-05-24T12:03:07" hostname="Calebs-MacBook-Air.local" time="0.006">
  <properties/>
  <testcase name="twoPlusTwoShouldEqualFour()" classname="com.koibots.ExampleTest" time="0.006"/>
  <system-out><![CDATA[]]></system-out>
  <system-err><![CDATA[]]></system-err>
</testsuite>
